# JRE version: Java(TM) SE Runtime Environment (8.0_181-b13) (build 1.8.0_181-b13)
# Java VM: Java HotSpot(TM) 64-Bit Server VM (25.181-b13 mixed mode bsd-amd64 compressed oops)
Heap:
 PSYoungGen      total 38400K, used 11240K [0x0000000795580000, 0x000000079a080000, 0x00000007c0000000)
  eden space 33280K, 21% used [0x0000000795580000,0x0000000795c58060,0x0000000797600000)
  from space 5120K, 82% used [0x0000000797b00000,0x0000000797f222e8,0x0000000798000000)
  to   space 5120K, 0% used [0x0000000797600000,0x0000000797600000,0x0000000797b00000)
 ParOldGen       total 87552K, used 787K [0x0000000740000000, 0x0000000745580000, 0x0000000795580000)
  object space 87552K, 0% used [0x0000000740000000,0x00000007400c4e20,0x0000000745580000)
 Metaspace       used 14781K, capacity 14944K, committed 15104K, reserved 1062912K
  class space    used 1436K, capacity 1501K, committed 1536K, reserved 1048576K
GC Heap History (4 events):
Event: 2.762 GC heap before
{Heap before GC invocations=1 (full 0):
 PSYoungGen      total 38400K, used 33280K [0x0000000795580000, 0x0000000798000000, 0x00000007c0000000)
  eden space 33280K, 100% used [0x0000000795580000,0x0000000797600000,0x0000000797600000)
  from space 5120K, 0% used [0x0000000797b00000,0x0000000797b00000,0x0000000798000000)
  to   space 5120K, 0% used [0x0000000797600000,0x0000000797600000,0x0000000797b00000)
 ParOldGen       total 87552K, used 0K [0x0000000740000000, 0x0000000745580000, 0x0000000795580000)
  object space 87552K, 0% used [0x0000000740000000,0x0000000740000000,0x0000000745580000)
 Metaspace       used 14606K, capacity 14816K, committed 15104K, reserved 1062912K
  class space    used 1427K, capacity 1501K, committed 1536K, reserved 1048576K
Event: 2.769 GC heap after
Heap after GC invocations=1 (full 0):
 PSYoungGen      total 38400K, used 5106K [0x0000000795580000, 0x0000000798000000, 0x00000007c0000000)
  eden space 33280K, 0% used [0x0000000795580000,0x0000000795580000,0x0000000797600000)
  from space 5120K, 99% used [0x0000000797600000,0x0000000797afca88,0x0000000797b00000)
  to   space 5120K, 0% used [0x0000000797b00000,0x0000000797b00000,0x0000000798000000)
 ParOldGen       total 87552K, used 779K [0x0000000740000000, 0x0000000745580000, 0x0000000795580000)
  object space 87552K, 0% used [0x0000000740000000,0x00000007400c2e20,0x0000000745580000)
 Metaspace       used 14606K, capacity 14816K, committed 15104K, reserved 1062912K
  class space    used 1427K, capacity 1501K, committed 1536K, reserved 1048576K
}
Event: 2.958 GC heap before
{Heap before GC invocations=2 (full 0):
 PSYoungGen      total 38400K, used 38386K [0x0000000795580000, 0x0000000798000000, 0x00000007c0000000)
  eden space 33280K, 100% used [0x0000000795580000,0x0000000797600000,0x0000000797600000)
  from space 5120K, 99% used [0x0000000797600000,0x0000000797afca88,0x0000000797b00000)
  to   space 5120K, 0% used [0x0000000797b00000,0x0000000797b00000,0x0000000798000000)
 ParOldGen       total 87552K, used 779K [0x0000000740000000, 0x0000000745580000, 0x0000000795580000)
  object space 87552K, 0% used [0x0000000740000000,0x00000007400c2e20,0x0000000745580000)
 Metaspace       used 14781K, capacity 14944K, committed 15104K, reserved 1062912K
  class space    used 1436K, capacity 1501K, committed 1536K, reserved 1048576K
Event: 2.963 GC heap after
Heap after GC invocations=2 (full 0):
 PSYoungGen      total 38400K, used 4232K [0x0000000795580000, 0x000000079a080000, 0x00000007c0000000)
  eden space 33280K, 0% used [0x0000000795580000,0x0000000795580000,0x0000000797600000)
  from space 5120K, 82% used [0x0000000797b00000,0x0000000797f222e8,0x0000000798000000)
  to   space 5120K, 0% used [0x0000000797600000,0x0000000797600000,0x0000000797b00000)
 ParOldGen       total 87552K, used 787K [0x0000000740000000, 0x0000000745580000, 0x0000000795580000)
  object space 87552K, 0% used [0x0000000740000000,0x00000007400c4e20,0x0000000745580000)
 Metaspace       used 14781K, capacity 14944K, committed 15104K, reserved 1062912K
  class space    used 1436K, capacity 1501K, committed 1536K, reserved 1048576K
}

